2024-11-22T14:40:15.037+01:00  INFO 20060 --- [main] com.capgemini.wsb.FitnessTracker         : Starting FitnessTracker using Java 17.0.12 with PID 20060 (C:\Users\domin\IdeaProjects\CapWSB-FitnessTracker\target\classes started by domin in C:\Users\domin\IdeaProjects\CapWSB-FitnessTracker)
2024-11-22T14:40:15.040+01:00  INFO 20060 --- [main] com.capgemini.wsb.FitnessTracker         : The following 1 profile is active: "loadInitialData"
2024-11-22T14:40:15.578+01:00  INFO 20060 --- [main] .s.d.r.c.RepositoryConfigurationDelegate : Bootstrapping Spring Data JPA repositories in DEFAULT mode.
2024-11-22T14:40:15.623+01:00  INFO 20060 --- [main] .s.d.r.c.RepositoryConfigurationDelegate : Finished Spring Data repository scanning in 39 ms. Found 2 JPA repository interfaces.
2024-11-22T14:40:16.214+01:00  INFO 20060 --- [main] o.s.b.w.embedded.tomcat.TomcatWebServer  : Tomcat initialized with port 8090 (http)
2024-11-22T14:40:16.224+01:00  INFO 20060 --- [main] o.apache.catalina.core.StandardService   : Starting service [Tomcat]
2024-11-22T14:40:16.225+01:00  INFO 20060 --- [main] o.apache.catalina.core.StandardEngine    : Starting Servlet engine: [Apache Tomcat/10.1.17]
2024-11-22T14:40:16.268+01:00  INFO 20060 --- [main] o.a.c.c.C.[Tomcat].[localhost].[/]       : Initializing Spring embedded WebApplicationContext
2024-11-22T14:40:16.268+01:00  INFO 20060 --- [main] w.s.c.ServletWebServerApplicationContext : Root WebApplicationContext: initialization completed in 1204 ms
2024-11-22T14:40:16.359+01:00  INFO 20060 --- [main] com.zaxxer.hikari.HikariDataSource       : HikariPool-1 - Starting...
2024-11-22T14:40:16.512+01:00  INFO 20060 --- [main] com.zaxxer.hikari.pool.HikariPool        : HikariPool-1 - Added connection conn0: url=jdbc:h2:mem:testdb user=SA
2024-11-22T14:40:16.513+01:00  INFO 20060 --- [main] com.zaxxer.hikari.HikariDataSource       : HikariPool-1 - Start completed.
2024-11-22T14:40:16.520+01:00  INFO 20060 --- [main] o.s.b.a.h2.H2ConsoleAutoConfiguration    : H2 console available at '/h2-console'. Database available at 'jdbc:h2:mem:testdb'
2024-11-22T14:40:16.624+01:00  INFO 20060 --- [main] o.hibernate.jpa.internal.util.LogHelper  : HHH000204: Processing PersistenceUnitInfo [name: default]
2024-11-22T14:40:16.668+01:00  INFO 20060 --- [main] org.hibernate.Version                    : HHH000412: Hibernate ORM core version 6.4.1.Final
2024-11-22T14:40:16.690+01:00  INFO 20060 --- [main] o.h.c.internal.RegionFactoryInitiator    : HHH000026: Second-level cache disabled
2024-11-22T14:40:16.843+01:00  INFO 20060 --- [main] o.s.o.j.p.SpringPersistenceUnitInfo      : No LoadTimeWeaver setup: ignoring JPA class transformer
2024-11-22T14:40:17.387+01:00  INFO 20060 --- [main] o.h.e.t.j.p.i.JtaPlatformInitiator       : HHH000489: No JTA platform available (set 'hibernate.transaction.jta.platform' to enable JTA platform integration)
2024-11-22T14:40:17.419+01:00  INFO 20060 --- [main] j.LocalContainerEntityManagerFactoryBean : Initialized JPA EntityManagerFactory for persistence unit 'default'
2024-11-22T14:40:17.578+01:00  INFO 20060 --- [main] o.s.d.j.r.query.QueryEnhancerFactory     : Hibernate is in classpath; If applicable, HQL parser will be used.
2024-11-22T14:40:17.899+01:00  WARN 20060 --- [main] JpaBaseConfiguration$JpaWebConfiguration : spring.jpa.open-in-view is enabled by default. Therefore, database queries may be performed during view rendering. Explicitly configure spring.jpa.open-in-view to disable this warning
2024-11-22T14:40:18.435+01:00  INFO 20060 --- [main] o.s.b.a.e.web.EndpointLinksResolver      : Exposing 1 endpoint(s) beneath base path '/actuator'
2024-11-22T14:40:18.490+01:00  INFO 20060 --- [main] o.s.b.w.embedded.tomcat.TomcatWebServer  : Tomcat started on port 8090 (http) with context path ''
2024-11-22T14:40:18.503+01:00  INFO 20060 --- [main] c.c.w.f.loader.InitialDataLoader         : Loading initial data to the database
2024-11-22T14:40:18.557+01:00  INFO 20060 --- [main] c.c.w.f.loader.InitialDataLoader         : Finished loading initial data
2024-11-22T14:40:18.565+01:00  INFO 20060 --- [main] com.capgemini.wsb.FitnessTracker         : Started FitnessTracker in 3.824 seconds (process running for 4.2)
2024-11-22T14:40:18.774+01:00  INFO 20060 --- [RMI TCP Connection(1)-192.168.56.1] o.a.c.c.C.[Tomcat].[localhost].[/]       : Initializing Spring DispatcherServlet 'dispatcherServlet'
2024-11-22T14:40:18.774+01:00  INFO 20060 --- [RMI TCP Connection(1)-192.168.56.1] o.s.web.servlet.DispatcherServlet        : Initializing Servlet 'dispatcherServlet'
2024-11-22T14:40:18.775+01:00  INFO 20060 --- [RMI TCP Connection(1)-192.168.56.1] o.s.web.servlet.DispatcherServlet        : Completed initialization in 1 ms
2024-11-22T14:42:59.014+01:00  INFO 20060 --- [SpringApplicationShutdownHook] j.LocalContainerEntityManagerFactoryBean : Closing JPA EntityManagerFactory for persistence unit 'default'
2024-11-22T14:42:59.017+01:00  INFO 20060 --- [SpringApplicationShutdownHook] com.zaxxer.hikari.HikariDataSource       : HikariPool-1 - Shutdown initiated...
2024-11-22T14:42:59.018+01:00  INFO 20060 --- [SpringApplicationShutdownHook] com.zaxxer.hikari.HikariDataSource       : HikariPool-1 - Shutdown completed.
